{"uuid":"0a08fb27-0dd6-4404-9b21-8b5ac0d9a748","historyId":"7adb2ce3f0c54c1217a418d00bdf1cb8","fullName":"src/test/resources/features/login.feature:3","labels":[{"name":"host","value":"Logan"},{"name":"thread","value":"23660@Logan.main(1)"},{"name":"feature","value":"Login"},{"name":"story","value":"Successful login"},{"name":"suite","value":"Login"},{"name":"testClass","value":"Successful login"},{"name":"framework","value":"cucumber4jvm"},{"name":"language","value":"java"},{"name":"gherkin_uri","value":"file:///C:/Workspace/Automation/tutorial/CentralizedTestAutomationFramework/centralized-framework/loan-account/src/test/resources/features/login.feature"},{"name":"package","value":"src.test.resources.features.login_feature.Login"}],"links":[],"name":"Successful login","status":"broken","statusDetails":{"known":false,"muted":false,"flaky":false,"message":"Project not set. Call ConfigManager.setProject(projectName) first.","trace":"java.lang.IllegalStateException: Project not set. Call ConfigManager.setProject(projectName) first.\r\n\tat com.testautomation.framework.utils.ConfigManager.get(ConfigManager.java:46)\r\n\tat com.testautomation.framework.drivers.DriverFactory.createDriver(DriverFactory.java:22)\r\n\tat com.testautomation.framework.base.BaseTest.setupDriver(BaseTest.java:16)\r\n\tat com.testautomation.loanaccount.steps.LoginSteps.userIsOnLoginPage(LoginSteps.java:22)\r\n\tat ✽.user is on login page(file:///C:/Workspace/Automation/tutorial/CentralizedTestAutomationFramework/centralized-framework/loan-account/src/test/resources/features/login.feature:4)\r\n"},"stage":"finished","steps":[{"name":"Given  user is on login page","status":"broken","statusDetails":{"known":false,"muted":false,"flaky":false,"message":"Project not set. Call ConfigManager.setProject(projectName) first.","trace":"java.lang.IllegalStateException: Project not set. Call ConfigManager.setProject(projectName) first.\r\n\tat com.testautomation.framework.utils.ConfigManager.get(ConfigManager.java:46)\r\n\tat com.testautomation.framework.drivers.DriverFactory.createDriver(DriverFactory.java:22)\r\n\tat com.testautomation.framework.base.BaseTest.setupDriver(BaseTest.java:16)\r\n\tat com.testautomation.loanaccount.steps.LoginSteps.userIsOnLoginPage(LoginSteps.java:22)\r\n\tat ✽.user is on login page(file:///C:/Workspace/Automation/tutorial/CentralizedTestAutomationFramework/centralized-framework/loan-account/src/test/resources/features/login.feature:4)\r\n"},"stage":"finished","steps":[],"attachments":[],"parameters":[],"start":1754201863599,"stop":1754201863682},{"name":"When  user logs in with username \"neilherbertagtuca@gmail.com\" and password \"F1R3F0x@73\"","status":"skipped","statusDetails":{"known":false,"muted":false,"flaky":false},"stage":"finished","steps":[],"attachments":[],"parameters":[],"start":1754201863682,"stop":1754201863683},{"name":"Then  user should be redirected to the dashboard","status":"skipped","statusDetails":{"known":false,"muted":false,"flaky":false},"stage":"finished","steps":[],"attachments":[],"parameters":[],"start":1754201863683,"stop":1754201863684}],"attachments":[],"parameters":[],"start":1754201863597,"stop":1754201863684}