{"uuid":"6fa568ec-1e28-4633-ae8d-7d33f01e48e1","historyId":"7adb2ce3f0c54c1217a418d00bdf1cb8","fullName":"src/test/resources/features/login.feature:3","labels":[{"name":"host","value":"Logan"},{"name":"thread","value":"24384@Logan.main(1)"},{"name":"feature","value":"Login"},{"name":"story","value":"Successful login"},{"name":"suite","value":"Login"},{"name":"testClass","value":"Successful login"},{"name":"framework","value":"cucumber4jvm"},{"name":"language","value":"java"},{"name":"gherkin_uri","value":"file:///C:/Workspace/Automation/tutorial/CentralizedTestAutomationFramework/centralized-framework/loan-account/src/test/resources/features/login.feature"},{"name":"package","value":"src.test.resources.features.login_feature.Login"}],"links":[],"name":"Successful login","status":"broken","statusDetails":{"known":false,"muted":false,"flaky":false,"message":"Project 'loan-account' not found in config.json.","trace":"java.lang.IllegalArgumentException: Project 'loan-account' not found in config.json.\r\n\tat com.testautomation.framework.utils.ConfigManager.setProject(ConfigManager.java:38)\r\n\tat com.testautomation.framework.utils.ConfigManager.get(ConfigManager.java:53)\r\n\tat com.testautomation.framework.drivers.DriverFactory.createDriver(DriverFactory.java:22)\r\n\tat com.testautomation.framework.base.BaseTest.setupDriver(BaseTest.java:16)\r\n\tat com.testautomation.loanaccount.steps.LoginSteps.userIsOnLoginPage(LoginSteps.java:22)\r\n\tat ✽.user is on login page(file:///C:/Workspace/Automation/tutorial/CentralizedTestAutomationFramework/centralized-framework/loan-account/src/test/resources/features/login.feature:4)\r\n"},"stage":"finished","steps":[{"name":"Given  user is on login page","status":"broken","statusDetails":{"known":false,"muted":false,"flaky":false,"message":"Project 'loan-account' not found in config.json.","trace":"java.lang.IllegalArgumentException: Project 'loan-account' not found in config.json.\r\n\tat com.testautomation.framework.utils.ConfigManager.setProject(ConfigManager.java:38)\r\n\tat com.testautomation.framework.utils.ConfigManager.get(ConfigManager.java:53)\r\n\tat com.testautomation.framework.drivers.DriverFactory.createDriver(DriverFactory.java:22)\r\n\tat com.testautomation.framework.base.BaseTest.setupDriver(BaseTest.java:16)\r\n\tat com.testautomation.loanaccount.steps.LoginSteps.userIsOnLoginPage(LoginSteps.java:22)\r\n\tat ✽.user is on login page(file:///C:/Workspace/Automation/tutorial/CentralizedTestAutomationFramework/centralized-framework/loan-account/src/test/resources/features/login.feature:4)\r\n"},"stage":"finished","steps":[],"attachments":[],"parameters":[],"start":1754206093859,"stop":1754206093939},{"name":"When  user logs in with username \"neilherbertagtuca@gmail.com\" and password \"F1R3F0x@73\"","status":"skipped","statusDetails":{"known":false,"muted":false,"flaky":false},"stage":"finished","steps":[],"attachments":[],"parameters":[],"start":1754206093940,"stop":1754206093941},{"name":"Then  user should be redirected to the dashboard","status":"skipped","statusDetails":{"known":false,"muted":false,"flaky":false},"stage":"finished","steps":[],"attachments":[],"parameters":[],"start":1754206093941,"stop":1754206093941}],"attachments":[],"parameters":[],"start":1754206093858,"stop":1754206093942}