<?xml version="1.0" encoding="UTF-8"?>
<testng-results ignored="0" total="3" passed="3" failed="0" skipped="0">
  <reporter-output>
  </reporter-output>
  <suite started-at="2025-08-08T02:24:03 CST" name="Combined Selenium and Playwright Suite" finished-at="2025-08-08T02:24:09 CST" duration-ms="6063">
    <groups>
      <group name="cucumber">
        <method signature="AbstractTestNGCucumberTests.runScenario(io.cucumber.testng.PickleWrapper,io.cucumber.testng.FeatureWrapper)[pri:0, instance:runners.SeleniumTestRunner@710636b0]" name="runScenario" class="io.cucumber.testng.AbstractTestNGCucumberTests"/>
        <method signature="AbstractTestNGCucumberTests.runScenario(io.cucumber.testng.PickleWrapper,io.cucumber.testng.FeatureWrapper)[pri:0, instance:runners.PlaywrightTestRunner@16150369]" name="runScenario" class="io.cucumber.testng.AbstractTestNGCucumberTests"/>
      </group> <!-- cucumber -->
    </groups>
    <test started-at="2025-08-08T02:24:03 CST" name="Playwright Tests" finished-at="2025-08-08T02:24:08 CST" duration-ms="5315">
      <class name="runners.PlaywrightTestRunner">
        <test-method is-config="true" signature="setUpClass(org.testng.ITestContext)[pri:0, instance:runners.PlaywrightTestRunner@16150369]" started-at="2025-08-08T02:24:03 CST" name="setUpClass" finished-at="2025-08-08T02:24:03 CST" duration-ms="272" status="PASS">
          <params>
            <param index="0">
              <value>
                <![CDATA[org.testng.TestRunner@41488b16]]>
              </value>
            </param>
          </params>
          <reporter-output>
          </reporter-output>
        </test-method> <!-- setUpClass -->
        <test-method signature="runScenario(io.cucumber.testng.PickleWrapper,io.cucumber.testng.FeatureWrapper)[pri:0, instance:runners.PlaywrightTestRunner@16150369]" started-at="2025-08-08T02:24:03 CST" name="runScenario" description="Runs Cucumber Scenarios" data-provider="scenarios" finished-at="2025-08-08T02:24:08 CST" duration-ms="5005" status="PASS">
          <params>
            <param index="0">
              <value>
                <![CDATA["Successful login"]]>
              </value>
            </param>
            <param index="1">
              <value>
                <![CDATA["Login"]]>
              </value>
            </param>
          </params>
          <reporter-output>
          </reporter-output>
        </test-method> <!-- runScenario -->
        <test-method is-config="true" signature="tearDownClass()[pri:0, instance:runners.PlaywrightTestRunner@16150369]" started-at="2025-08-08T02:24:08 CST" name="tearDownClass" finished-at="2025-08-08T02:24:08 CST" duration-ms="14" status="PASS">
          <reporter-output>
          </reporter-output>
        </test-method> <!-- tearDownClass -->
      </class> <!-- runners.PlaywrightTestRunner -->
    </test> <!-- Playwright Tests -->
    <test started-at="2025-08-08T02:24:08 CST" name="Python Test" finished-at="2025-08-08T02:24:09 CST" duration-ms="41">
      <class name="runners.PythonScriptRunner">
        <test-method signature="runPythonScript()[pri:0, instance:runners.PythonScriptRunner@20b2475a]" started-at="2025-08-08T02:24:08 CST" name="runPythonScript" finished-at="2025-08-08T02:24:09 CST" duration-ms="38" status="PASS">
          <reporter-output>
          </reporter-output>
        </test-method> <!-- runPythonScript -->
      </class> <!-- runners.PythonScriptRunner -->
    </test> <!-- Python Test -->
    <test started-at="2025-08-08T02:24:03 CST" name="Selenium Tests" finished-at="2025-08-08T02:24:09 CST" duration-ms="6063">
      <class name="runners.SeleniumTestRunner">
        <test-method is-config="true" signature="setUpClass(org.testng.ITestContext)[pri:0, instance:runners.SeleniumTestRunner@710636b0]" started-at="2025-08-08T02:24:03 CST" name="setUpClass" finished-at="2025-08-08T02:24:03 CST" duration-ms="272" status="PASS">
          <params>
            <param index="0">
              <value>
                <![CDATA[org.testng.TestRunner@68878f6d]]>
              </value>
            </param>
          </params>
          <reporter-output>
          </reporter-output>
        </test-method> <!-- setUpClass -->
        <test-method signature="runScenario(io.cucumber.testng.PickleWrapper,io.cucumber.testng.FeatureWrapper)[pri:0, instance:runners.SeleniumTestRunner@710636b0]" started-at="2025-08-08T02:24:03 CST" name="runScenario" description="Runs Cucumber Scenarios" data-provider="scenarios" finished-at="2025-08-08T02:24:09 CST" duration-ms="5760" status="PASS">
          <params>
            <param index="0">
              <value>
                <![CDATA["Successful login"]]>
              </value>
            </param>
            <param index="1">
              <value>
                <![CDATA["Login"]]>
              </value>
            </param>
          </params>
          <reporter-output>
          </reporter-output>
        </test-method> <!-- runScenario -->
        <test-method is-config="true" signature="tearDownClass()[pri:0, instance:runners.SeleniumTestRunner@710636b0]" started-at="2025-08-08T02:24:09 CST" name="tearDownClass" finished-at="2025-08-08T02:24:09 CST" duration-ms="9" status="PASS">
          <reporter-output>
          </reporter-output>
        </test-method> <!-- tearDownClass -->
      </class> <!-- runners.SeleniumTestRunner -->
    </test> <!-- Selenium Tests -->
  </suite> <!-- Combined Selenium and Playwright Suite -->
</testng-results>
