<?xml version="1.0" encoding="UTF-8"?>
<testsuite xmlns:xsi="http://www.w3.org/2001/XMLSchema-instance" xsi:noNamespaceSchemaLocation="https://maven.apache.org/surefire/maven-surefire-plugin/xsd/surefire-test-report-3.0.xsd" version="3.0" name="TestSuite" time="6.398" tests="3" errors="0" skipped="0" failures="0">
  <properties>
[...]
</properties>
  <testcase name="runScenario[&quot;Successful login&quot;, &quot;Login&quot;](1)" classname="runners.PlaywrightTestRunner" time="5.005">
    <system-out><![CDATA[
@playwright
Scenario: Successful login                                                                # src/test/resources/features/playwright/reimbursement/login.feature:4

@selenium
Scenario: Successful login                                                                # src/test/resources/features/selenium/loan-account/login.feature:4
  Given user is on login page                                                             # com.testautomation.github.steps.LoginSteps.userIsOnLoginPage()
  Given user is on login page                                                             # com.testautomation.reimbursement.steps.LoginSteps.user_is_on_login_page()
  When user logs in with username "neilherbertagtuca@gmail.com" and password "F1R3F0x@73" # com.testautomation.github.steps.LoginSteps.userLogsIn(java.lang.String,java.lang.String)
  When user logs in with username "neilherbertagtuca@gmail.com" and password "F1R3F0x@73" # com.testautomation.reimbursement.steps.LoginSteps.user_logs_in_with_credentials(java.lang.String,java.lang.String)
  Then user should be redirected to the dashboard                                         # com.testautomation.reimbursement.steps.LoginSteps.user_should_be_redirected_to_the_dashboard()
]]></system-out>
    <system-err><![CDATA[[TestNG-PoolService-0] INFO com.testautomation.framework.utils.ConfigManager - [INFO] [CONFIG] config.json loaded successfully.
[TestNG-PoolService-0] INFO com.testautomation.framework.utils.ConfigManager - [INFO] [CONFIG] Active project set to: github
[TestNG-PoolService-0] INFO com.testautomation.framework.utils.ConfigManager - [INFO] [CONFIG] Active project set to: github
[TestNG-PoolService-0] INFO com.testautomation.framework.utils.ConfigManager - [INFO] [CONFIG] Retrieved key 'browser' = 'chrome'
[TestNG-PoolService-0] INFO com.testautomation.framework.utils.ConfigManager - [INFO] [CONFIG] Retrieved key 'baseUrl' = 'https://github.com/login'
[TestNG-PoolService-0] INFO com.testautomation.framework.utils.ConfigManager - [INFO] [CONFIG] Retrieved key 'headless' = 'false'
[TestNG-PoolService-0] INFO com.testautomation.framework.factory.SeleniumDriverFactory - [INFO] Initializing Selenium WebDriver for browser: chrome
[TestNG-PoolService-0] INFO io.github.bonigarcia.wdm.WebDriverManager - Using chromedriver 138.0.7204.183 (resolved driver for Chrome 138)
[TestNG-PoolService-0] INFO io.github.bonigarcia.wdm.WebDriverManager - Exporting webdriver.chrome.driver as C:\Users\user\.cache\selenium\chromedriver\win64\138.0.7204.183\chromedriver.exe
Aug 08, 2025 2:24:05 AM org.openqa.selenium.devtools.CdpVersionFinder findNearestMatch
WARNING: Unable to find CDP implementation matching 138
Aug 08, 2025 2:24:05 AM org.openqa.selenium.chromium.ChromiumDriver lambda$new$5
WARNING: Unable to find version of CDP to use for 138.0.7204.184. You may need to include a dependency on a specific version of the CDP using something similar to `org.seleniumhq.selenium:selenium-devtools-v86:4.21.0` where the version ("v86") matches the version of the chromium-based browser you're using and the version number of the artifact is the same as Selenium's.
[TestNG-PoolService-0] INFO com.testautomation.framework.factory.SeleniumDriverFactory - [INFO] ChromeDriver initialized.
[TestNG-PoolService-0] INFO com.testautomation.framework.factory.SeleniumDriverFactory - [STEP] Navigated to base URL: https://github.com/login
[TestNG-PoolService-0] INFO com.testautomation.framework.factory.SeleniumDriverFactory - [STEP] Browser window maximized.
[TestNG-PoolService-0] INFO com.testautomation.framework.hooks.SeleniumHooks - [STEP] Selenium WebDriver initialized using SeleniumDriverFactory.
[TestNG-PoolService-0] INFO com.testautomation.github.steps.LoginSteps - [TEST_START] user is on login page
[TestNG-PoolService-0] INFO com.testautomation.github.steps.LoginSteps - [INFO] Screenshot captured: Login Page
[TestNG-PoolService-0] INFO com.testautomation.github.steps.LoginSteps - [STEP] LoginPage with SmartElementFinder initialized
[TestNG-PoolService-0] INFO com.testautomation.github.steps.LoginSteps - [STEP] Attempting login with username: neilherbertagtuca@gmail.com
[TestNG-PoolService-0] INFO com.testautomation.framework.utils.ConfigManager - [INFO] [CONFIG] Retrieved key 'browser' = 'chrome'
[TestNG-PoolService-0] INFO com.testautomation.framework.utils.ConfigManager - [INFO] [CONFIG] Retrieved key 'headless' = 'false'
[TestNG-PoolService-0] INFO com.testautomation.framework.utils.ConfigManager - [INFO] [CONFIG] Retrieved key 'baseUrl' = 'https://github.com/login'
[TestNG-PoolService-0] INFO com.testautomation.framework.factory.PlaywrightFactory - [INFO] chrome browser launched
[TestNG-PoolService-0] INFO com.testautomation.framework.factory.PlaywrightFactory - [STEP] Navigated to base URL: https://github.com/login
[TestNG-PoolService-0] INFO com.testautomation.framework.hooks.PlaywrightHooks - [STEP] [HOOK] Playwright browser initialized.
[TestNG-PoolService-0] INFO com.testautomation.reimbursement.steps.LoginSteps - [STEP] Navigated to Login Page
[TestNG-PoolService-0] INFO com.testautomation.reimbursement.steps.LoginSteps - [STEP] Logging in with: neilherbertagtuca@gmail.com
[TestNG-PoolService-0] INFO com.testautomation.reimbursement.steps.LoginSteps - [STEP] Verifying dashboard page...
[TestNG-PoolService-0] INFO com.testautomation.framework.factory.PlaywrightFactory - [INFO] Playwright resources closed and cleared for this thread.
[TestNG-PoolService-0] INFO com.testautomation.framework.hooks.PlaywrightHooks - [STEP] [HOOK] Playwright browser closed.
]]></system-err>
  </testcase>
  <testcase name="runPythonScript" classname="runners.PythonScriptRunner" time="0.04">
    <system-out><![CDATA[Python script exited with code: 2
]]></system-out>
  </testcase>
  <testcase name="runScenario[&quot;Successful login&quot;, &quot;Login&quot;](1)" classname="runners.SeleniumTestRunner" time="0.731">
    <system-out><![CDATA[  Then user should be redirected to the dashboard                                         # com.testautomation.github.steps.LoginSteps.userShouldBeRedirected()
]]></system-out>
    <system-err><![CDATA[[TestNG-PoolService-0] INFO com.testautomation.github.steps.LoginSteps - [INFO] Screenshot captured: Dashboard
[TestNG-PoolService-0] INFO com.testautomation.github.steps.LoginSteps - [STEP] Dashboard page displayed
[TestNG-PoolService-0] INFO com.testautomation.framework.factory.SeleniumDriverFactory - [INFO] WebDriver quit successfully.
[TestNG-PoolService-0] INFO com.testautomation.framework.factory.SeleniumDriverFactory - [INFO] Selenium WebDriver resources cleared for this thread.
[TestNG-PoolService-0] INFO com.testautomation.framework.hooks.SeleniumHooks - [STEP] Selenium WebDriver closed and cleared via SeleniumDriverFactory.
]]></system-err>
  </testcase>
</testsuite>